<?xml version="1.0" encoding="UTF-8"?>
<testsuite name="modelTest.TestModel" tests="1" skipped="0" failures="0" errors="0" timestamp="2023-07-01T15:41:43" hostname="DESKTOP-KHTJKKL" time="0.056">
  <properties/>
  <testcase name="testAddrecord()" classname="modelTest.TestModel" time="0.056"/>
  <system-out><![CDATA[]]></system-out>
  <system-err><![CDATA[]]></system-err>
</testsuite>
