<?xml version="1.0" encoding="UTF-8"?>
<testsuite name="modelTest.TestModel" tests="4" skipped="0" failures="0" errors="0" timestamp="2023-07-04T14:49:43" hostname="marco-96" time="0.524">
  <properties/>
  <testcase name="testAddDoppio()" classname="modelTest.TestModel" time="0.026"/>
  <testcase name="testRimuovi()" classname="modelTest.TestModel" time="0.006"/>
  <testcase name="testAddrecord()" classname="modelTest.TestModel" time="0.001"/>
  <testcase name="testNotify()" classname="modelTest.TestModel" time="0.49"/>
  <system-out><![CDATA[]]></system-out>
  <system-err><![CDATA[]]></system-err>
</testsuite>
